# JRE version: OpenJDK Runtime Environment (8.0_442-b06) (build 1.8.0_442-b06)
# Java VM: OpenJDK 64-Bit Server VM (25.442-b06 mixed mode windows-amd64 compressed oops)
Heap:
 PSYoungGen      total 257024K, used 117958K [0x00000000d5580000, 0x00000000e6b80000, 0x0000000100000000)
  eden space 230400K, 39% used [0x00000000d5580000,0x00000000daeb5060,0x00000000e3680000)
  from space 26624K, 99% used [0x00000000e3680000,0x00000000e507cb98,0x00000000e5080000)
  to   space 24064K, 0% used [0x00000000e5080000,0x00000000e5080000,0x00000000e6800000)
 ParOldGen       total 160768K, used 43403K [0x0000000080000000, 0x0000000089d00000, 0x00000000d5580000)
  object space 160768K, 26% used [0x0000000080000000,0x0000000082a62ff8,0x0000000089d00000)
 Metaspace       used 92504K, capacity 95560K, committed 95960K, reserved 1132544K
  class space    used 12151K, capacity 12737K, committed 12800K, reserved 1048576K
GC Heap History (10 events):
Event: 5.997 GC heap before
{Heap before GC invocations=16 (full 2):
 PSYoungGen      total 178176K, used 118944K [0x00000000d5580000, 0x00000000e3c00000, 0x0000000100000000)
  eden space 164864K, 64% used [0x00000000d5580000,0x00000000dbcadd38,0x00000000df680000)
  from space 13312K, 99% used [0x00000000df680000,0x00000000e037a468,0x00000000e0380000)
  to   space 16896K, 0% used [0x00000000e2b80000,0x00000000e2b80000,0x00000000e3c00000)
 ParOldGen       total 160768K, used 21625K [0x0000000080000000, 0x0000000089d00000, 0x00000000d5580000)
  object space 160768K, 13% used [0x0000000080000000,0x000000008151e478,0x0000000089d00000)
 Metaspace       used 56514K, capacity 58984K, committed 59096K, reserved 1099776K
  class space    used 8214K, capacity 8694K, committed 8704K, reserved 1048576K
Event: 6.010 GC heap after
Heap after GC invocations=16 (full 2):
 PSYoungGen      total 213504K, used 16894K [0x00000000d5580000, 0x00000000e4e80000, 0x0000000100000000)
  eden space 196608K, 0% used [0x00000000d5580000,0x00000000d5580000,0x00000000e1580000)
  from space 16896K, 99% used [0x00000000e2b80000,0x00000000e3bff940,0x00000000e3c00000)
  to   space 22528K, 0% used [0x00000000e1580000,0x00000000e1580000,0x00000000e2b80000)
 ParOldGen       total 160768K, used 30604K [0x0000000080000000, 0x0000000089d00000, 0x00000000d5580000)
  object space 160768K, 19% used [0x0000000080000000,0x0000000081de3228,0x0000000089d00000)
 Metaspace       used 56514K, capacity 58984K, committed 59096K, reserved 1099776K
  class space    used 8214K, capacity 8694K, committed 8704K, reserved 1048576K
}
Event: 6.010 GC heap before
{Heap before GC invocations=17 (full 3):
 PSYoungGen      total 213504K, used 16894K [0x00000000d5580000, 0x00000000e4e80000, 0x0000000100000000)
  eden space 196608K, 0% used [0x00000000d5580000,0x00000000d5580000,0x00000000e1580000)
  from space 16896K, 99% used [0x00000000e2b80000,0x00000000e3bff940,0x00000000e3c00000)
  to   space 22528K, 0% used [0x00000000e1580000,0x00000000e1580000,0x00000000e2b80000)
 ParOldGen       total 160768K, used 30604K [0x0000000080000000, 0x0000000089d00000, 0x00000000d5580000)
  object space 160768K, 19% used [0x0000000080000000,0x0000000081de3228,0x0000000089d00000)
 Metaspace       used 56514K, capacity 58984K, committed 59096K, reserved 1099776K
  class space    used 8214K, capacity 8694K, committed 8704K, reserved 1048576K
Event: 9.373 GC heap after
Heap after GC invocations=17 (full 3):
 PSYoungGen      total 213504K, used 0K [0x00000000d5580000, 0x00000000e4e80000, 0x0000000100000000)
  eden space 196608K, 0% used [0x00000000d5580000,0x00000000d5580000,0x00000000e1580000)
  from space 16896K, 0% used [0x00000000e2b80000,0x00000000e2b80000,0x00000000e3c00000)
  to   space 22528K, 0% used [0x00000000e1580000,0x00000000e1580000,0x00000000e2b80000)
 ParOldGen       total 160768K, used 39576K [0x0000000080000000, 0x0000000089d00000, 0x00000000d5580000)
  object space 160768K, 24% used [0x0000000080000000,0x00000000826a6210,0x0000000089d00000)
 Metaspace       used 56514K, capacity 58984K, committed 59096K, reserved 1099776K
  class space    used 8214K, capacity 8694K, committed 8704K, reserved 1048576K
}
Event: 10.513 GC heap before
{Heap before GC invocations=18 (full 3):
 PSYoungGen      total 213504K, used 196608K [0x00000000d5580000, 0x00000000e4e80000, 0x0000000100000000)
  eden space 196608K, 100% used [0x00000000d5580000,0x00000000e1580000,0x00000000e1580000)
  from space 16896K, 0% used [0x00000000e2b80000,0x00000000e2b80000,0x00000000e3c00000)
  to   space 22528K, 0% used [0x00000000e1580000,0x00000000e1580000,0x00000000e2b80000)
 ParOldGen       total 160768K, used 39576K [0x0000000080000000, 0x0000000089d00000, 0x00000000d5580000)
  object space 160768K, 24% used [0x0000000080000000,0x00000000826a6210,0x0000000089d00000)
 Metaspace       used 66045K, capacity 68656K, committed 68824K, reserved 1107968K
  class space    used 9225K, capacity 9720K, committed 9728K, reserved 1048576K
Event: 10.521 GC heap after
Heap after GC invocations=18 (full 3):
 PSYoungGen      total 219136K, used 17110K [0x00000000d5580000, 0x00000000e6800000, 0x0000000100000000)
  eden space 196608K, 0% used [0x00000000d5580000,0x00000000d5580000,0x00000000e1580000)
  from space 22528K, 75% used [0x00000000e1580000,0x00000000e2635b18,0x00000000e2b80000)
  to   space 24064K, 0% used [0x00000000e5080000,0x00000000e5080000,0x00000000e6800000)
 ParOldGen       total 160768K, used 39584K [0x0000000080000000, 0x0000000089d00000, 0x00000000d5580000)
  object space 160768K, 24% used [0x0000000080000000,0x00000000826a8210,0x0000000089d00000)
 Metaspace       used 66045K, capacity 68656K, committed 68824K, reserved 1107968K
  class space    used 9225K, capacity 9720K, committed 9728K, reserved 1048576K
}
Event: 11.484 GC heap before
{Heap before GC invocations=19 (full 3):
 PSYoungGen      total 219136K, used 213718K [0x00000000d5580000, 0x00000000e6800000, 0x0000000100000000)
  eden space 196608K, 100% used [0x00000000d5580000,0x00000000e1580000,0x00000000e1580000)
  from space 22528K, 75% used [0x00000000e1580000,0x00000000e2635b18,0x00000000e2b80000)
  to   space 24064K, 0% used [0x00000000e5080000,0x00000000e5080000,0x00000000e6800000)
 ParOldGen       total 160768K, used 39584K [0x0000000080000000, 0x0000000089d00000, 0x00000000d5580000)
  object space 160768K, 24% used [0x0000000080000000,0x00000000826a8210,0x0000000089d00000)
 Metaspace       used 73751K, capacity 76514K, committed 76760K, reserved 1116160K
  class space    used 10140K, capacity 10699K, committed 10752K, reserved 1048576K
Event: 11.496 GC heap after
Heap after GC invocations=19 (full 3):
 PSYoungGen      total 254464K, used 22031K [0x00000000d5580000, 0x00000000e6b80000, 0x0000000100000000)
  eden space 230400K, 0% used [0x00000000d5580000,0x00000000d5580000,0x00000000e3680000)
  from space 24064K, 91% used [0x00000000e5080000,0x00000000e6603e90,0x00000000e6800000)
  to   space 26624K, 0% used [0x00000000e3680000,0x00000000e3680000,0x00000000e5080000)
 ParOldGen       total 160768K, used 39592K [0x0000000080000000, 0x0000000089d00000, 0x00000000d5580000)
  object space 160768K, 24% used [0x0000000080000000,0x00000000826aa210,0x0000000089d00000)
 Metaspace       used 73751K, capacity 76514K, committed 76760K, reserved 1116160K
  class space    used 10140K, capacity 10699K, committed 10752K, reserved 1048576K
}
Event: 12.804 GC heap before
{Heap before GC invocations=20 (full 3):
 PSYoungGen      total 254464K, used 252431K [0x00000000d5580000, 0x00000000e6b80000, 0x0000000100000000)
  eden space 230400K, 100% used [0x00000000d5580000,0x00000000e3680000,0x00000000e3680000)
  from space 24064K, 91% used [0x00000000e5080000,0x00000000e6603e90,0x00000000e6800000)
  to   space 26624K, 0% used [0x00000000e3680000,0x00000000e3680000,0x00000000e5080000)
 ParOldGen       total 160768K, used 39592K [0x0000000080000000, 0x0000000089d00000, 0x00000000d5580000)
  object space 160768K, 24% used [0x0000000080000000,0x00000000826aa210,0x0000000089d00000)
 Metaspace       used 86970K, capacity 89804K, committed 90200K, reserved 1128448K
  class space    used 11569K, capacity 12158K, committed 12160K, reserved 1048576K
Event: 14.825 GC heap after
Heap after GC invocations=20 (full 3):
 PSYoungGen      total 257024K, used 26610K [0x00000000d5580000, 0x00000000e6b80000, 0x0000000100000000)
  eden space 230400K, 0% used [0x00000000d5580000,0x00000000d5580000,0x00000000e3680000)
  from space 26624K, 99% used [0x00000000e3680000,0x00000000e507cb98,0x00000000e5080000)
  to   space 24064K, 0% used [0x00000000e5080000,0x00000000e5080000,0x00000000e6800000)
 ParOldGen       total 160768K, used 43403K [0x0000000080000000, 0x0000000089d00000, 0x00000000d5580000)
  object space 160768K, 26% used [0x0000000080000000,0x0000000082a62ff8,0x0000000089d00000)
 Metaspace       used 86970K, capacity 89804K, committed 90200K, reserved 1128448K
  class space    used 11569K, capacity 12158K, committed 12160K, reserved 1048576K
}

