# JRE version: OpenJDK Runtime Environment (8.0_442-b06) (build 1.8.0_442-b06)
# Java VM: OpenJDK 64-Bit Server VM (25.442-b06 mixed mode windows-amd64 compressed oops)
Heap:
 PSYoungGen      total 348160K, used 169480K [0x00000000d5580000, 0x00000000ece00000, 0x0000000100000000)
  eden space 329728K, 45% used [0x00000000d5580000,0x00000000de902738,0x00000000e9780000)
  from space 18432K, 99% used [0x00000000ebc00000,0x00000000ecdff940,0x00000000ece00000)
  to   space 27136K, 0% used [0x00000000e9900000,0x00000000e9900000,0x00000000eb380000)
 ParOldGen       total 178688K, used 47184K [0x0000000080000000, 0x000000008ae80000, 0x00000000d5580000)
  object space 178688K, 26% used [0x0000000080000000,0x0000000082e142e0,0x000000008ae80000)
 Metaspace       used 73682K, capacity 77008K, committed 77272K, reserved 1116160K
  class space    used 10328K, capacity 10960K, committed 11008K, reserved 1048576K
GC Heap History (10 events):
Event: 3.578 GC heap before
{Heap before GC invocations=9 (full 2):
 PSYoungGen      total 267264K, used 11163K [0x00000000d5580000, 0x00000000e9300000, 0x0000000100000000)
  eden space 253952K, 0% used [0x00000000d5580000,0x00000000d5580000,0x00000000e4d80000)
  from space 13312K, 83% used [0x00000000e4d80000,0x00000000e5866f18,0x00000000e5a80000)
  to   space 14336K, 0% used [0x00000000e8500000,0x00000000e8500000,0x00000000e9300000)
 ParOldGen       total 108544K, used 12312K [0x0000000080000000, 0x0000000086a00000, 0x00000000d5580000)
  object space 108544K, 11% used [0x0000000080000000,0x0000000080c061b0,0x0000000086a00000)
 Metaspace       used 33710K, capacity 35404K, committed 35456K, reserved 1079296K
  class space    used 4898K, capacity 5232K, committed 5248K, reserved 1048576K
Event: 3.623 GC heap after
Heap after GC invocations=9 (full 2):
 PSYoungGen      total 267264K, used 0K [0x00000000d5580000, 0x00000000e9300000, 0x0000000100000000)
  eden space 253952K, 0% used [0x00000000d5580000,0x00000000d5580000,0x00000000e4d80000)
  from space 13312K, 0% used [0x00000000e4d80000,0x00000000e4d80000,0x00000000e5a80000)
  to   space 14336K, 0% used [0x00000000e8500000,0x00000000e8500000,0x00000000e9300000)
 ParOldGen       total 178688K, used 18517K [0x0000000080000000, 0x000000008ae80000, 0x00000000d5580000)
  object space 178688K, 10% used [0x0000000080000000,0x00000000812155c8,0x000000008ae80000)
 Metaspace       used 33710K, capacity 35404K, committed 35456K, reserved 1079296K
  class space    used 4898K, capacity 5232K, committed 5248K, reserved 1048576K
}
Event: 4.681 GC heap before
{Heap before GC invocations=10 (full 2):
 PSYoungGen      total 267264K, used 253952K [0x00000000d5580000, 0x00000000e9300000, 0x0000000100000000)
  eden space 253952K, 100% used [0x00000000d5580000,0x00000000e4d80000,0x00000000e4d80000)
  from space 13312K, 0% used [0x00000000e4d80000,0x00000000e4d80000,0x00000000e5a80000)
  to   space 14336K, 0% used [0x00000000e8500000,0x00000000e8500000,0x00000000e9300000)
 ParOldGen       total 178688K, used 18517K [0x0000000080000000, 0x000000008ae80000, 0x00000000d5580000)
  object space 178688K, 10% used [0x0000000080000000,0x00000000812155c8,0x000000008ae80000)
 Metaspace       used 43743K, capacity 46574K, committed 46848K, reserved 1089536K
  class space    used 6331K, capacity 6859K, committed 6912K, reserved 1048576K
Event: 4.688 GC heap after
Heap after GC invocations=10 (full 2):
 PSYoungGen      total 309248K, used 13283K [0x00000000d5580000, 0x00000000eb780000, 0x0000000100000000)
  eden space 294912K, 0% used [0x00000000d5580000,0x00000000d5580000,0x00000000e7580000)
  from space 14336K, 92% used [0x00000000e8500000,0x00000000e91f8d90,0x00000000e9300000)
  to   space 15872K, 0% used [0x00000000e7580000,0x00000000e7580000,0x00000000e8500000)
 ParOldGen       total 178688K, used 18525K [0x0000000080000000, 0x000000008ae80000, 0x00000000d5580000)
  object space 178688K, 10% used [0x0000000080000000,0x00000000812175c8,0x000000008ae80000)
 Metaspace       used 43743K, capacity 46574K, committed 46848K, reserved 1089536K
  class space    used 6331K, capacity 6859K, committed 6912K, reserved 1048576K
}
Event: 5.579 GC heap before
{Heap before GC invocations=11 (full 2):
 PSYoungGen      total 309248K, used 227552K [0x00000000d5580000, 0x00000000eb780000, 0x0000000100000000)
  eden space 294912K, 72% used [0x00000000d5580000,0x00000000e26bf330,0x00000000e7580000)
  from space 14336K, 92% used [0x00000000e8500000,0x00000000e91f8d90,0x00000000e9300000)
  to   space 15872K, 0% used [0x00000000e7580000,0x00000000e7580000,0x00000000e8500000)
 ParOldGen       total 178688K, used 18525K [0x0000000080000000, 0x000000008ae80000, 0x00000000d5580000)
  object space 178688K, 10% used [0x0000000080000000,0x00000000812175c8,0x000000008ae80000)
 Metaspace       used 56013K, capacity 58992K, committed 59096K, reserved 1099776K
  class space    used 8356K, capacity 8926K, committed 8960K, reserved 1048576K
Event: 5.587 GC heap after
Heap after GC invocations=11 (full 2):
 PSYoungGen      total 310784K, used 15867K [0x00000000d5580000, 0x00000000ece00000, 0x0000000100000000)
  eden space 294912K, 0% used [0x00000000d5580000,0x00000000d5580000,0x00000000e7580000)
  from space 15872K, 99% used [0x00000000e7580000,0x00000000e84fefd0,0x00000000e8500000)
  to   space 18432K, 0% used [0x00000000ebc00000,0x00000000ebc00000,0x00000000ece00000)
 ParOldGen       total 178688K, used 20313K [0x0000000080000000, 0x000000008ae80000, 0x00000000d5580000)
  object space 178688K, 11% used [0x0000000080000000,0x00000000813d6460,0x000000008ae80000)
 Metaspace       used 56013K, capacity 58992K, committed 59096K, reserved 1099776K
  class space    used 8356K, capacity 8926K, committed 8960K, reserved 1048576K
}
Event: 5.587 GC heap before
{Heap before GC invocations=12 (full 3):
 PSYoungGen      total 310784K, used 15867K [0x00000000d5580000, 0x00000000ece00000, 0x0000000100000000)
  eden space 294912K, 0% used [0x00000000d5580000,0x00000000d5580000,0x00000000e7580000)
  from space 15872K, 99% used [0x00000000e7580000,0x00000000e84fefd0,0x00000000e8500000)
  to   space 18432K, 0% used [0x00000000ebc00000,0x00000000ebc00000,0x00000000ece00000)
 ParOldGen       total 178688K, used 20313K [0x0000000080000000, 0x000000008ae80000, 0x00000000d5580000)
  object space 178688K, 11% used [0x0000000080000000,0x00000000813d6460,0x000000008ae80000)
 Metaspace       used 56013K, capacity 58992K, committed 59096K, reserved 1099776K
  class space    used 8356K, capacity 8926K, committed 8960K, reserved 1048576K
Event: 8.888 GC heap after
Heap after GC invocations=12 (full 3):
 PSYoungGen      total 310784K, used 0K [0x00000000d5580000, 0x00000000ece00000, 0x0000000100000000)
  eden space 294912K, 0% used [0x00000000d5580000,0x00000000d5580000,0x00000000e7580000)
  from space 15872K, 0% used [0x00000000e7580000,0x00000000e7580000,0x00000000e8500000)
  to   space 18432K, 0% used [0x00000000ebc00000,0x00000000ebc00000,0x00000000ece00000)
 ParOldGen       total 178688K, used 30498K [0x0000000080000000, 0x000000008ae80000, 0x00000000d5580000)
  object space 178688K, 17% used [0x0000000080000000,0x0000000081dc8848,0x000000008ae80000)
 Metaspace       used 56013K, capacity 58992K, committed 59096K, reserved 1099776K
  class space    used 8356K, capacity 8926K, committed 8960K, reserved 1048576K
}
Event: 10.317 GC heap before
{Heap before GC invocations=13 (full 3):
 PSYoungGen      total 310784K, used 294912K [0x00000000d5580000, 0x00000000ece00000, 0x0000000100000000)
  eden space 294912K, 100% used [0x00000000d5580000,0x00000000e7580000,0x00000000e7580000)
  from space 15872K, 0% used [0x00000000e7580000,0x00000000e7580000,0x00000000e8500000)
  to   space 18432K, 0% used [0x00000000ebc00000,0x00000000ebc00000,0x00000000ece00000)
 ParOldGen       total 178688K, used 30498K [0x0000000080000000, 0x000000008ae80000, 0x00000000d5580000)
  object space 178688K, 17% used [0x0000000080000000,0x0000000081dc8848,0x000000008ae80000)
 Metaspace       used 66981K, capacity 70048K, committed 70232K, reserved 1110016K
  class space    used 9479K, capacity 10060K, committed 10112K, reserved 1048576K
Event: 10.334 GC heap after
Heap after GC invocations=13 (full 3):
 PSYoungGen      total 348160K, used 18430K [0x00000000d5580000, 0x00000000ece00000, 0x0000000100000000)
  eden space 329728K, 0% used [0x00000000d5580000,0x00000000d5580000,0x00000000e9780000)
  from space 18432K, 99% used [0x00000000ebc00000,0x00000000ecdff940,0x00000000ece00000)
  to   space 27136K, 0% used [0x00000000e9900000,0x00000000e9900000,0x00000000eb380000)
 ParOldGen       total 178688K, used 47184K [0x0000000080000000, 0x000000008ae80000, 0x00000000d5580000)
  object space 178688K, 26% used [0x0000000080000000,0x0000000082e142e0,0x000000008ae80000)
 Metaspace       used 66981K, capacity 70048K, committed 70232K, reserved 1110016K
  class space    used 9479K, capacity 10060K, committed 10112K, reserved 1048576K
}

